[14568:3752:0113/172656.461:WARNING:chrome_main_delegate.cc(667)] This is Chrome version 120.0.6099.217 (not a warning)
[14568:3752:0113/172656.561:INFO:policy_logger.cc(144)] :components\enterprise\browser\controller\chrome_browser_cloud_management_controller.cc(168) Starting CBCM Controller Initialization
[14568:3752:0113/172656.561:INFO:policy_logger.cc(144)] :components\enterprise\browser\controller\chrome_browser_cloud_management_controller.cc(196) No machine level policy manager exists.
[14568:3752:0113/172659.566:INFO:CONSOLE(1)] " is not a valid value for uspDnsText", source: https://cmp.inmobi.com/tcfv2/cmp2.js?referer=www.fragrantica.com (1)
[14568:3752:0113/172659.568:INFO:CONSOLE(1)] "[object DOMException]", source: https://cmp.inmobi.com/tcfv2/cmp2.js?referer=www.fragrantica.com (1)
[14568:3752:0113/172659.768:INFO:CONSOLE(1)] "Uncaught SecurityError: Failed to read the 'sessionStorage' property from 'Window': Access is denied for this document.", source: https://btloader.com/tag?o=5708166709903360&upapi=true (1)
[14568:3752:0113/172659.789:INFO:CONSOLE(1)] "Uncaught (in promise) SecurityError: Failed to read the 'localStorage' property from 'Window': Access is denied for this document.", source: https://cmp.inmobi.com/tcfv2/cmp2.js?referer=www.fragrantica.com (1)
[14568:3752:0113/172659.790:INFO:CONSOLE(0)] "Uncaught (in promise) NotSupportedError: Failed to register a ServiceWorker for scope ('https://www.fragrantica.com/') with script ('https://www.fragrantica.com/service-worker.js?v=rtgF88aed7eee2572f1e83fd92a72eaaf6d89'): The user denied permission to use Service Worker.", source: https://www.fragrantica.com/search/ (0)
[14568:3752:0113/172738.988:INFO:CONSOLE(1)] "Uncaught (in promise) SecurityError: Failed to read the 'localStorage' property from 'Window': Access is denied for this document.", source: https://cmp.inmobi.com/tcfv2/cmp2.js?referer=www.fragrantica.com (1)
[14568:3752:0113/172851.835:INFO:CONSOLE(1)] "[object DOMException]", source: https://www.fragrantica.com/new-js/mfga-app.js?v=rtgF88aed7eee2572f1e83fd92a72eaaf6d89 (1)
[14568:3752:0113/172851.835:INFO:CONSOLE(1)] "[object DOMException]", source: https://www.fragrantica.com/new-js/mfga-app.js?v=rtgF88aed7eee2572f1e83fd92a72eaaf6d89 (1)
[14568:3752:0113/172851.835:INFO:CONSOLE(1)] "[object DOMException]", source: https://www.fragrantica.com/new-js/mfga-app.js?v=rtgF88aed7eee2572f1e83fd92a72eaaf6d89 (1)
[14568:3752:0113/172852.793:INFO:CONSOLE(1)] " is not a valid value for uspDnsText", source: https://cmp.inmobi.com/tcfv2/cmp2.js?referer=www.fragrantica.com (1)
[14568:3752:0113/172852.797:INFO:CONSOLE(1)] "[object DOMException]", source: https://cmp.inmobi.com/tcfv2/cmp2.js?referer=www.fragrantica.com (1)
[14568:3752:0113/172853.111:INFO:CONSOLE(1)] "Uncaught SecurityError: Failed to read the 'sessionStorage' property from 'Window': Access is denied for this document.", source: https://btloader.com/tag?o=5708166709903360&upapi=true (1)
[14568:3752:0113/172854.130:INFO:CONSOLE(1)] "Uncaught (in promise) SecurityError: Failed to read the 'localStorage' property from 'Window': Access is denied for this document.", source: https://cmp.inmobi.com/tcfv2/cmp2.js?referer=www.fragrantica.com (1)
[14568:3752:0113/172854.131:INFO:CONSOLE(0)] "Uncaught (in promise) NotSupportedError: Failed to register a ServiceWorker for scope ('https://www.fragrantica.com/') with script ('https://www.fragrantica.com/service-worker.js?v=rtgF88aed7eee2572f1e83fd92a72eaaf6d89'): The user denied permission to use Service Worker.", source: https://www.fragrantica.com/perfume/By-Kilian/Angels-Share-62615.html (0)
[14568:3752:0113/172907.900:INFO:CONSOLE(1)] "Uncaught SecurityError: Failed to read the 'sessionStorage' property from 'Window': Access is denied for this document.", source: https://btloader.com/tag?o=5708166709903360&upapi=true (1)
[14568:3752:0113/172907.998:INFO:CONSOLE(1)] " is not a valid value for uspDnsText", source: https://cmp.inmobi.com/tcfv2/cmp2.js?referer=www.fragrantica.com (1)
[14568:3752:0113/172908.005:INFO:CONSOLE(1)] "[object DOMException]", source: https://cmp.inmobi.com/tcfv2/cmp2.js?referer=www.fragrantica.com (1)
[14568:3752:0113/172908.173:INFO:CONSOLE(1)] "Uncaught (in promise) SecurityError: Failed to read the 'localStorage' property from 'Window': Access is denied for this document.", source: https://cmp.inmobi.com/tcfv2/cmp2.js?referer=www.fragrantica.com (1)
[14568:3752:0113/172908.191:INFO:CONSOLE(0)] "Uncaught (in promise) NotSupportedError: Failed to register a ServiceWorker for scope ('https://www.fragrantica.com/') with script ('https://www.fragrantica.com/service-worker.js?v=rtgF88aed7eee2572f1e83fd92a72eaaf6d89'): The user denied permission to use Service Worker.", source: https://www.fragrantica.com/search/?godina=2020%3A2020 (0)
[14568:3752:0113/172912.060:INFO:CONSOLE(1)] "[object DOMException]", source: https://www.fragrantica.com/new-js/mfga-app.js?v=rtgF88aed7eee2572f1e83fd92a72eaaf6d89 (1)
[14568:3752:0113/172912.061:INFO:CONSOLE(1)] "[object DOMException]", source: https://www.fragrantica.com/new-js/mfga-app.js?v=rtgF88aed7eee2572f1e83fd92a72eaaf6d89 (1)
[14568:3752:0113/172912.062:INFO:CONSOLE(1)] "[object DOMException]", source: https://www.fragrantica.com/new-js/mfga-app.js?v=rtgF88aed7eee2572f1e83fd92a72eaaf6d89 (1)
[14568:3752:0113/172912.693:INFO:CONSOLE(1)] " is not a valid value for uspDnsText", source: https://cmp.inmobi.com/tcfv2/cmp2.js?referer=www.fragrantica.com (1)
[14568:3752:0113/172912.695:INFO:CONSOLE(1)] "[object DOMException]", source: https://cmp.inmobi.com/tcfv2/cmp2.js?referer=www.fragrantica.com (1)
[14568:3752:0113/172912.712:INFO:CONSOLE(1)] "Uncaught SecurityError: Failed to read the 'sessionStorage' property from 'Window': Access is denied for this document.", source: https://btloader.com/tag?o=5708166709903360&upapi=true (1)
[14568:3752:0113/172913.494:INFO:CONSOLE(1)] "Uncaught (in promise) SecurityError: Failed to read the 'localStorage' property from 'Window': Access is denied for this document.", source: https://cmp.inmobi.com/tcfv2/cmp2.js?referer=www.fragrantica.com (1)
[14568:3752:0113/172913.499:INFO:CONSOLE(0)] "Uncaught (in promise) NotSupportedError: Failed to register a ServiceWorker for scope ('https://www.fragrantica.com/') with script ('https://www.fragrantica.com/service-worker.js?v=rtgF88aed7eee2572f1e83fd92a72eaaf6d89'): The user denied permission to use Service Worker.", source: https://www.fragrantica.com/perfume/Jean-Paul-Gaultier/Le-Male-Le-Parfum-61856.html (0)
[14568:3752:0113/172927.045:INFO:CONSOLE(1)] " is not a valid value for uspDnsText", source: https://cmp.inmobi.com/tcfv2/cmp2.js?referer=www.fragrantica.com (1)
[14568:3752:0113/172927.047:INFO:CONSOLE(1)] "[object DOMException]", source: https://cmp.inmobi.com/tcfv2/cmp2.js?referer=www.fragrantica.com (1)
[14568:3752:0113/172927.066:INFO:CONSOLE(1)] "Uncaught (in promise) SecurityError: Failed to read the 'localStorage' property from 'Window': Access is denied for this document.", source: https://cmp.inmobi.com/tcfv2/cmp2.js?referer=www.fragrantica.com (1)
[14568:3752:0113/172927.080:INFO:CONSOLE(1)] "Uncaught SecurityError: Failed to read the 'sessionStorage' property from 'Window': Access is denied for this document.", source: https://btloader.com/tag?o=5708166709903360&upapi=true (1)
[14568:3752:0113/172927.084:INFO:CONSOLE(1)] "Uncaught (in promise) SecurityError: Failed to read the 'localStorage' property from 'Window': Access is denied for this document.", source: https://cmp.inmobi.com/tcfv2/cmp2.js?referer=www.fragrantica.com (1)
[14568:3752:0113/172927.108:INFO:CONSOLE(1)] "Uncaught (in promise) SecurityError: Failed to read the 'localStorage' property from 'Window': Access is denied for this document.", source: https://cmp.inmobi.com/tcfv2/cmp2.js?referer=www.fragrantica.com (1)
[14568:3752:0113/172927.114:INFO:CONSOLE(0)] "Uncaught (in promise) NotSupportedError: Failed to register a ServiceWorker for scope ('https://www.fragrantica.com/') with script ('https://www.fragrantica.com/service-worker.js?v=rtgF88aed7eee2572f1e83fd92a72eaaf6d89'): The user denied permission to use Service Worker.", source: https://www.fragrantica.com/search/?godina=2020%3A2020 (0)
[14568:3752:0113/172931.056:INFO:CONSOLE(1)] "[object DOMException]", source: https://www.fragrantica.com/new-js/mfga-app.js?v=rtgF88aed7eee2572f1e83fd92a72eaaf6d89 (1)
[14568:3752:0113/172931.056:INFO:CONSOLE(1)] "[object DOMException]", source: https://www.fragrantica.com/new-js/mfga-app.js?v=rtgF88aed7eee2572f1e83fd92a72eaaf6d89 (1)
[14568:3752:0113/172931.057:INFO:CONSOLE(1)] "[object DOMException]", source: https://www.fragrantica.com/new-js/mfga-app.js?v=rtgF88aed7eee2572f1e83fd92a72eaaf6d89 (1)
[14568:3752:0113/172931.656:INFO:CONSOLE(1)] " is not a valid value for uspDnsText", source: https://cmp.inmobi.com/tcfv2/cmp2.js?referer=www.fragrantica.com (1)
[14568:3752:0113/172931.659:INFO:CONSOLE(1)] "[object DOMException]", source: https://cmp.inmobi.com/tcfv2/cmp2.js?referer=www.fragrantica.com (1)
[14568:3752:0113/172931.890:INFO:CONSOLE(1)] "Uncaught SecurityError: Failed to read the 'sessionStorage' property from 'Window': Access is denied for this document.", source: https://btloader.com/tag?o=5708166709903360&upapi=true (1)
[14568:3752:0113/172932.538:INFO:CONSOLE(1)] "Uncaught (in promise) SecurityError: Failed to read the 'localStorage' property from 'Window': Access is denied for this document.", source: https://cmp.inmobi.com/tcfv2/cmp2.js?referer=www.fragrantica.com (1)
[14568:3752:0113/172932.543:INFO:CONSOLE(0)] "Uncaught (in promise) NotSupportedError: Failed to register a ServiceWorker for scope ('https://www.fragrantica.com/') with script ('https://www.fragrantica.com/service-worker.js?v=rtgF88aed7eee2572f1e83fd92a72eaaf6d89'): The user denied permission to use Service Worker.", source: https://www.fragrantica.com/perfume/Giorgio-Armani/Acqua-di-Gio-Profondo-59532.html (0)
[14568:3752:0113/173021.841:INFO:CONSOLE(1)] " is not a valid value for uspDnsText", source: https://cmp.inmobi.com/tcfv2/cmp2.js?referer=www.fragrantica.com (1)
[14568:3752:0113/173021.843:INFO:CONSOLE(1)] "[object DOMException]", source: https://cmp.inmobi.com/tcfv2/cmp2.js?referer=www.fragrantica.com (1)
[14568:3752:0113/173021.845:INFO:CONSOLE(1)] "Uncaught SecurityError: Failed to read the 'sessionStorage' property from 'Window': Access is denied for this document.", source: https://btloader.com/tag?o=5708166709903360&upapi=true (1)
[14568:3752:0113/173021.876:INFO:CONSOLE(1)] "Uncaught (in promise) SecurityError: Failed to read the 'localStorage' property from 'Window': Access is denied for this document.", source: https://cmp.inmobi.com/tcfv2/cmp2.js?referer=www.fragrantica.com (1)
[14568:3752:0113/173021.885:INFO:CONSOLE(0)] "Uncaught (in promise) NotSupportedError: Failed to register a ServiceWorker for scope ('https://www.fragrantica.com/') with script ('https://www.fragrantica.com/service-worker.js?v=rtgF88aed7eee2572f1e83fd92a72eaaf6d89'): The user denied permission to use Service Worker.", source: https://www.fragrantica.com/search/?godina=2020%3A2020 (0)
[14568:3752:0113/173021.886:INFO:CONSOLE(1)] "Uncaught (in promise) SecurityError: Failed to read the 'localStorage' property from 'Window': Access is denied for this document.", source: https://cmp.inmobi.com/tcfv2/cmp2.js?referer=www.fragrantica.com (1)
[14568:3752:0113/173044.641:INFO:CONSOLE(1)] "[object DOMException]", source: https://www.fragrantica.com/new-js/mfga-app.js?v=rtgF88aed7eee2572f1e83fd92a72eaaf6d89 (1)
[14568:3752:0113/173044.641:INFO:CONSOLE(1)] "[object DOMException]", source: https://www.fragrantica.com/new-js/mfga-app.js?v=rtgF88aed7eee2572f1e83fd92a72eaaf6d89 (1)
[14568:3752:0113/173044.641:INFO:CONSOLE(1)] "[object DOMException]", source: https://www.fragrantica.com/new-js/mfga-app.js?v=rtgF88aed7eee2572f1e83fd92a72eaaf6d89 (1)
[14568:3752:0113/173045.233:INFO:CONSOLE(1)] "Uncaught SecurityError: Failed to read the 'sessionStorage' property from 'Window': Access is denied for this document.", source: https://btloader.com/tag?o=5708166709903360&upapi=true (1)
[14568:3752:0113/173045.242:INFO:CONSOLE(1)] " is not a valid value for uspDnsText", source: https://cmp.inmobi.com/tcfv2/cmp2.js?referer=www.fragrantica.com (1)
[14568:3752:0113/173045.243:INFO:CONSOLE(1)] "[object DOMException]", source: https://cmp.inmobi.com/tcfv2/cmp2.js?referer=www.fragrantica.com (1)
[14568:3752:0113/173046.050:INFO:CONSOLE(1)] "Uncaught (in promise) SecurityError: Failed to read the 'localStorage' property from 'Window': Access is denied for this document.", source: https://cmp.inmobi.com/tcfv2/cmp2.js?referer=www.fragrantica.com (1)
[14568:3752:0113/173046.053:INFO:CONSOLE(0)] "Uncaught (in promise) NotSupportedError: Failed to register a ServiceWorker for scope ('https://www.fragrantica.com/') with script ('https://www.fragrantica.com/service-worker.js?v=rtgF88aed7eee2572f1e83fd92a72eaaf6d89'): The user denied permission to use Service Worker.", source: https://www.fragrantica.com/perfume/By-Kilian/Angels-Share-62615.html (0)
[14568:3752:0113/173304.337:INFO:CONSOLE(1)] "[object DOMException]", source: https://www.fragrantica.com/new-js/mfga-app.js?v=rtgF88aed7eee2572f1e83fd92a72eaaf6d89 (1)
[14568:3752:0113/173304.340:INFO:CONSOLE(1)] "[object DOMException]", source: https://www.fragrantica.com/new-js/mfga-app.js?v=rtgF88aed7eee2572f1e83fd92a72eaaf6d89 (1)
[14568:3752:0113/173304.341:INFO:CONSOLE(1)] "[object DOMException]", source: https://www.fragrantica.com/new-js/mfga-app.js?v=rtgF88aed7eee2572f1e83fd92a72eaaf6d89 (1)
[14568:3752:0113/173305.220:INFO:CONSOLE(1)] " is not a valid value for uspDnsText", source: https://cmp.inmobi.com/tcfv2/cmp2.js?referer=www.fragrantica.com (1)
[14568:3752:0113/173305.225:INFO:CONSOLE(1)] "[object DOMException]", source: https://cmp.inmobi.com/tcfv2/cmp2.js?referer=www.fragrantica.com (1)
[14568:3752:0113/173305.554:INFO:CONSOLE(1)] "Uncaught SecurityError: Failed to read the 'sessionStorage' property from 'Window': Access is denied for this document.", source: https://btloader.com/tag?o=5708166709903360&upapi=true (1)
[14568:3752:0113/173306.682:INFO:CONSOLE(1)] "Uncaught (in promise) SecurityError: Failed to read the 'localStorage' property from 'Window': Access is denied for this document.", source: https://cmp.inmobi.com/tcfv2/cmp2.js?referer=www.fragrantica.com (1)
[14568:3752:0113/173306.685:INFO:CONSOLE(0)] "Uncaught (in promise) NotSupportedError: Failed to register a ServiceWorker for scope ('https://www.fragrantica.com/') with script ('https://www.fragrantica.com/service-worker.js?v=rtgF88aed7eee2572f1e83fd92a72eaaf6d89'): The user denied permission to use Service Worker.", source: https://www.fragrantica.com/perfume/By-Kilian/Angels-Share-62615.html (0)
[14568:3752:0113/174217.311:ERROR:device_event_log_impl.cc(192)] [17:42:17.310] USB: usb_service_win.cc:104 SetupDiGetDeviceProperty({{A45C254E-DF1C-4EFD-8020-67D146A850E0}, 6}) failed: Element not found. (0x490)
[14568:3752:0113/184051.423:INFO:CONSOLE(1)] " is not a valid value for uspDnsText", source: https://cmp.inmobi.com/tcfv2/cmp2.js?referer=www.fragrantica.com (1)
[14568:3752:0113/184051.429:INFO:CONSOLE(1)] "[object DOMException]", source: https://cmp.inmobi.com/tcfv2/cmp2.js?referer=www.fragrantica.com (1)
[14568:3752:0113/184051.694:INFO:CONSOLE(1)] "Uncaught SecurityError: Failed to read the 'sessionStorage' property from 'Window': Access is denied for this document.", source: https://btloader.com/tag?o=5708166709903360&upapi=true (1)
[14568:3752:0113/184052.625:INFO:CONSOLE(1)] "Uncaught (in promise) SecurityError: Failed to read the 'localStorage' property from 'Window': Access is denied for this document.", source: https://cmp.inmobi.com/tcfv2/cmp2.js?referer=www.fragrantica.com (1)
[14568:3752:0113/184052.625:INFO:CONSOLE(0)] "Uncaught (in promise) NotSupportedError: Failed to register a ServiceWorker for scope ('https://www.fragrantica.com/') with script ('https://www.fragrantica.com/service-worker.js?v=rtgF88aed7eee2572f1e83fd92a72eaaf6d89'): The user denied permission to use Service Worker.", source: https://www.fragrantica.com/notes/Cognac-280.html (0)
[14568:3752:0113/185004.758:INFO:CONSOLE(1)] "Uncaught SecurityError: Failed to read the 'sessionStorage' property from 'Window': Access is denied for this document.", source: https://btloader.com/tag?o=5708166709903360&upapi=true (1)
[14568:3752:0113/185004.801:INFO:CONSOLE(1)] " is not a valid value for uspDnsText", source: https://cmp.inmobi.com/tcfv2/cmp2.js?referer=www.fragrantica.com (1)
[14568:3752:0113/185004.806:INFO:CONSOLE(1)] "[object DOMException]", source: https://cmp.inmobi.com/tcfv2/cmp2.js?referer=www.fragrantica.com (1)
[14568:3752:0113/185004.912:INFO:CONSOLE(1)] "Uncaught (in promise) SecurityError: Failed to read the 'localStorage' property from 'Window': Access is denied for this document.", source: https://cmp.inmobi.com/tcfv2/cmp2.js?referer=www.fragrantica.com (1)
[14568:3752:0113/185004.917:INFO:CONSOLE(0)] "Uncaught (in promise) NotSupportedError: Failed to register a ServiceWorker for scope ('https://www.fragrantica.com/') with script ('https://www.fragrantica.com/service-worker.js?v=rtgF88aed7eee2572f1e83fd92a72eaaf6d89'): The user denied permission to use Service Worker.", source: https://www.fragrantica.com/search/?godina=2020%3A2020 (0)
[14568:3752:0113/185444.761:INFO:CONSOLE(1)] "[object DOMException]", source: https://www.fragrantica.com/new-js/mfga-app.js?v=rtgF88aed7eee2572f1e83fd92a72eaaf6d89 (1)
[14568:3752:0113/185444.763:INFO:CONSOLE(1)] "[object DOMException]", source: https://www.fragrantica.com/new-js/mfga-app.js?v=rtgF88aed7eee2572f1e83fd92a72eaaf6d89 (1)
[14568:3752:0113/185444.764:INFO:CONSOLE(1)] "[object DOMException]", source: https://www.fragrantica.com/new-js/mfga-app.js?v=rtgF88aed7eee2572f1e83fd92a72eaaf6d89 (1)
[14568:3752:0113/185445.628:ERROR:CONSOLE(1)] "Request Storage.getStorageKeyForFrame failed. {"code":-32602,"message":"Frame tree node for given frame not found"}", source: devtools://devtools/bundled/devtools-frontend/front_end/core/protocol_client/protocol_client.js (1)
[14568:3752:0113/185445.659:ERROR:CONSOLE(1)] "Request Storage.getStorageKeyForFrame failed. {"code":-32602,"message":"Frame tree node for given frame not found"}", source: devtools://devtools/bundled/devtools-frontend/front_end/core/protocol_client/protocol_client.js (1)
[14568:3752:0113/185445.917:INFO:CONSOLE(1)] "Uncaught SecurityError: Failed to read the 'sessionStorage' property from 'Window': Access is denied for this document.", source: https://btloader.com/tag?o=5708166709903360&upapi=true (1)
[14568:3752:0113/185446.506:INFO:CONSOLE(1)] " is not a valid value for uspDnsText", source: https://cmp.inmobi.com/tcfv2/cmp2.js?referer=www.fragrantica.com (1)
[14568:3752:0113/185446.508:INFO:CONSOLE(1)] "[object DOMException]", source: https://cmp.inmobi.com/tcfv2/cmp2.js?referer=www.fragrantica.com (1)
[14568:3752:0113/185447.822:INFO:CONSOLE(1)] "Uncaught SecurityError: Failed to read the 'sessionStorage' property from 'Window': Access is denied for this document.", source: https://btloader.com/tag?o=5708166709903360&upapi=true (1)
[14568:3752:0113/185448.686:INFO:CONSOLE(1)] " is not a valid value for uspDnsText", source: https://cmp.inmobi.com/tcfv2/cmp2.js?referer=www.fragrantica.com (1)
[14568:3752:0113/185448.688:INFO:CONSOLE(1)] "[object DOMException]", source: https://cmp.inmobi.com/tcfv2/cmp2.js?referer=www.fragrantica.com (1)
[14568:3752:0113/185449.137:INFO:CONSOLE(1)] "Uncaught (in promise) SecurityError: Failed to read the 'localStorage' property from 'Window': Access is denied for this document.", source: https://cmp.inmobi.com/tcfv2/cmp2.js?referer=www.fragrantica.com (1)
[14568:3752:0113/185449.172:INFO:CONSOLE(1)] "Uncaught (in promise) SecurityError: Failed to read the 'localStorage' property from 'Window': Access is denied for this document.", source: https://cmp.inmobi.com/tcfv2/cmp2.js?referer=www.fragrantica.com (1)
[14568:3752:0113/185449.174:INFO:CONSOLE(1)] "Uncaught (in promise) SecurityError: Failed to read the 'localStorage' property from 'Window': Access is denied for this document.", source: https://cmp.inmobi.com/tcfv2/cmp2.js?referer=www.fragrantica.com (1)
[14568:3752:0113/185449.177:INFO:CONSOLE(1)] "Uncaught (in promise) SecurityError: Failed to read the 'localStorage' property from 'Window': Access is denied for this document.", source: https://cmp.inmobi.com/tcfv2/cmp2.js?referer=www.fragrantica.com (1)
[14568:3752:0113/185449.180:INFO:CONSOLE(0)] "Uncaught (in promise) NotSupportedError: Failed to register a ServiceWorker for scope ('https://www.fragrantica.com/') with script ('https://www.fragrantica.com/service-worker.js?v=rtgF88aed7eee2572f1e83fd92a72eaaf6d89'): The user denied permission to use Service Worker.", source: https://www.fragrantica.com/search/?godina=2020%3A2020 (0)
[14568:3752:0113/185556.448:INFO:CONSOLE(1)] "[object DOMException]", source: https://www.fragrantica.com/new-js/mfga-app.js?v=rtgF88aed7eee2572f1e83fd92a72eaaf6d89 (1)
[14568:3752:0113/185556.450:INFO:CONSOLE(1)] "[object DOMException]", source: https://www.fragrantica.com/new-js/mfga-app.js?v=rtgF88aed7eee2572f1e83fd92a72eaaf6d89 (1)
[14568:3752:0113/185556.451:INFO:CONSOLE(1)] "[object DOMException]", source: https://www.fragrantica.com/new-js/mfga-app.js?v=rtgF88aed7eee2572f1e83fd92a72eaaf6d89 (1)
[14568:3752:0113/185558.685:INFO:CONSOLE(1)] " is not a valid value for uspDnsText", source: https://cmp.inmobi.com/tcfv2/cmp2.js?referer=www.fragrantica.com (1)
[14568:3752:0113/185558.688:INFO:CONSOLE(1)] "[object DOMException]", source: https://cmp.inmobi.com/tcfv2/cmp2.js?referer=www.fragrantica.com (1)
[14568:3752:0113/185558.768:INFO:CONSOLE(1)] "Uncaught (in promise) SecurityError: Failed to read the 'localStorage' property from 'Window': Access is denied for this document.", source: https://cmp.inmobi.com/tcfv2/cmp2.js?referer=www.fragrantica.com (1)
[14568:3752:0113/185558.772:INFO:CONSOLE(1)] "Uncaught SecurityError: Failed to read the 'sessionStorage' property from 'Window': Access is denied for this document.", source: https://btloader.com/tag?o=5708166709903360&upapi=true (1)
[14568:3752:0113/185558.775:INFO:CONSOLE(1)] "Uncaught (in promise) SecurityError: Failed to read the 'localStorage' property from 'Window': Access is denied for this document.", source: https://cmp.inmobi.com/tcfv2/cmp2.js?referer=www.fragrantica.com (1)
[14568:3752:0113/185558.836:INFO:CONSOLE(1)] "Uncaught (in promise) SecurityError: Failed to read the 'localStorage' property from 'Window': Access is denied for this document.", source: https://cmp.inmobi.com/tcfv2/cmp2.js?referer=www.fragrantica.com (1)
[14568:3752:0113/185558.837:INFO:CONSOLE(1)] "Uncaught (in promise) SecurityError: Failed to read the 'localStorage' property from 'Window': Access is denied for this document.", source: https://cmp.inmobi.com/tcfv2/cmp2.js?referer=www.fragrantica.com (1)
[14568:3752:0113/185558.840:INFO:CONSOLE(0)] "Uncaught (in promise) NotSupportedError: Failed to register a ServiceWorker for scope ('https://www.fragrantica.com/') with script ('https://www.fragrantica.com/service-worker.js?v=rtgF88aed7eee2572f1e83fd92a72eaaf6d89'): The user denied permission to use Service Worker.", source: https://www.fragrantica.com/search/?dizajner=Alkemia%20Perfumes~Boadicea%20the%20Victorious&spol=unisex&ingredients.EN=Amber (0)
[14568:3752:0113/185618.144:WARNING:pref_notifier_impl.cc(41)] Pref observer for media_router.cast_allow_all_ips found at shutdown.
